<?xml version="1.0" encoding="UTF-8"?>
<testng-results ignored="0" total="1" passed="1" failed="0" skipped="0">
  <reporter-output>
  </reporter-output>
  <suite started-at="2026-03-01T09:39:04 ICT" name="Default suite" finished-at="2026-03-01T09:39:08 ICT" duration-ms="4309">
    <groups>
    </groups>
    <test started-at="2026-03-01T09:39:04 ICT" name="Default test" finished-at="2026-03-01T09:39:08 ICT" duration-ms="4309">
      <class name="testcases.TC_001">
        <test-method signature="testcase1()[pri:0, instance:testcases.TC_001@25ce9dc4]" started-at="2026-03-01T09:39:04 ICT" name="testcase1" finished-at="2026-03-01T09:39:08 ICT" duration-ms="4218" status="PASS">
          <reporter-output>
          </reporter-output>
        </test-method> <!-- testcase1 -->
      </class> <!-- testcases.TC_001 -->
    </test> <!-- Default test -->
  </suite> <!-- Default suite -->
</testng-results>
